<?xml version="1.0" encoding="UTF-8"?>
<!-- Generated by org.testng.reporters.JUnitXMLReporter -->
<testsuite hostname="PUNE-LAPTOP131" name="Ezzar_API_Result" tests="13" failures="0" timestamp="24 Jul 2018 07:48:33 GMT" time="21.894" errors="0">
  <testcase name="explore_CategoriesList_Response" time="2.885" classname="getRequest.Categories_Listing"/>
  <testcase name="expolre_CategoriesList_Body" time="0.777" classname="getRequest.Categories_Listing"/>
  <testcase name="explore_CategoriesList_Response" time="0.665" classname="getRequest.Explore_More_Categories"/>
  <testcase name="expolre_CategoriesList_Body" time="0.765" classname="getRequest.Explore_More_Categories"/>
  <testcase name="explore_CategoriesList_Response" time="0.744" classname="getRequest.Product_pramotion"/>
  <testcase name="expolre_CategoriesList_Body" time="0.743" classname="getRequest.Product_pramotion"/>
  <testcase name="explore_CategoriesList_Response" time="2.324" classname="getRequest.Tailor_Search"/>
  <testcase name="expolre_CategoriesList_Body" time="2.089" classname="getRequest.Tailor_Search"/>
  <testcase name="createUser_Test" time="3.059" classname="post_Request.Create_User"/>
  <testcase name="custLogin_Test" time="2.206" classname="post_Request.Register_Post"/>
  <testcase name="custSocilogin_Test" time="2.132" classname="post_Request.Demo_Login"/>
  <testcase name="createUser_Test" time="1.424" classname="post_Request.Ezzar_Login"/>
  <testcase name="update_userTest" time="1.984" classname="put_Request.Update_User"/>
</testsuite> <!-- Ezzar_API_Result -->
